<?xml version="1.0" encoding="UTF-8"?>
<testsuite xmlns:xsi="http://www.w3.org/2001/XMLSchema-instance" xsi:noNamespaceSchemaLocation="https://maven.apache.org/surefire/maven-surefire-plugin/xsd/surefire-test-report.xsd" name="com.epam.rd.autotasks.suffixing.AppTest" time="0.034" tests="1" errors="1" skipped="0" failures="0">
  <properties>
[...]
</properties>
  <testcase name="com.epam.rd.autotasks.suffixing.AppTest" classname="com.epam.rd.autotasks.suffixing.AppTest" time="0.032">
    <error message="src\main\resources\suffixing.jar (Не удается найти указанный файл)" type="java.io.FileNotFoundException">java.io.FileNotFoundException: src\main\resources\suffixing.jar (Не удается найти указанный файл)
	at com.epam.rd.autotasks.suffixing.AppTest.setup(AppTest.java:41)
</error>
  </testcase>
</testsuite>